{
  "ok": true,
  "elapsed_sec": 48.16935356000613,
  "loss": 45.92348434018697,
  "moments": {
    "location_inv_err": 0.0,
    "location_inv_err_pop": 0.0,
    "location_inv_err_rent": 0.0,
    "location_inv_converged": 1.0,
    "tfr": 1.857558205004696,
    "childless_rate": 0.18142881096486893,
    "mean_age_first_birth": 34.31750502727887,
    "tfr_gradient": 0.0866614005530848,
    "parity_progression_1to2": 0.12469322967455176,
    "own_rate": 0.6385969140677218,
    "own_rate_2534": 0.15683740846140878,
    "own_rate_3544": 0.5929776029993615,
    "own_gradient": -0.06640366008598098,
    "own_family_gap": 0.1535705774439975,
    "prime_childless_renter_median_rooms": 6.179698026828448,
    "prime_childless_owner_median_rooms": 6.8,
    "housing_increment_0to1": 0.4146893273367809,
    "housing_increment_0to1_onechild": 0.428676099023936,
    "housing_increment_1to2": 0.4019090522914608,
    "housing_increment_0to2plus": 0.3165066397080727,
    "young_liquid_wealth_to_income": 0.9354520893723447,
    "center_share_nonparents": 0.3749552018119964,
    "center_share_newparents": 0.3716713487637947,
    "migration_rate": 0.0346137209531533,
    "old_age_own_rate": 0.7718935840283677,
    "old_age_parent_childless_gap": 0.004152660304068023,
    "owner_neg_liquid_share_2545": 0.8469537025582992,
    "inv_E_C": 0.11127541027064872,
    "inv_r_bar_C": 0.0719341870623939,
    "inv_pop_C": 0.43307063339733265,
    "inv_rent_ratio": 1.1864944758792262,
    "inv_err_pop": 0.0,
    "inv_err_rent": 0.0,
    "inv_max_error": 0.0,
    "inv_pop_share_C": 0.43307063339733265,
    "inv_rent_ratio_C_over_P": 1.1864944758792262
  },
  "p_eq": [
    0.50585565125708,
    0.6001949358088138
  ],
  "z_grid": [
    -0.28,
    0.0,
    0.28
  ],
  "stationary_z": [
    0.3333333333333333,
    0.3333333333333333,
    0.3333333333333333
  ],
  "timings": {
    "bellman_hank_z": 18.45945743798802,
    "distribution_hank_z": 10.738122793001821,
    "n_full": 15,
    "n_dist": 15,
    "best_eq_error": 0.00016729205456001122,
    "best_eq_iter": 15,
    "final_eq_error": 0.00016729205456001122,
    "iterations_completed": 15,
    "accepted": true,
    "strict_converged": true,
    "convergence_reason": "strict_tol",
    "population_closure": "renewal_valve_calibrated",
    "runtime_category": "expensive"
  },
  "ge_trace": [
    {
      "iter": 1,
      "p": [
        0.49766052026004093,
        0.5884774596399392
      ],
      "entry_shares": [
        0.5,
        0.5
      ],
      "entry_total": 0.016666666666666666,
      "err_p": 0.0932306668310117,
      "err_e": 0.05965059907172099,
      "err": 0.0932306668310117,
      "own_rate": 0.5902057869848172,
      "TFR": 1.877963654733117,
      "pop_share": [
        0.5434399658225767,
        0.4565600341774229
      ],
      "mode": "Fz",
      "scale_factor": 1.0000000000000002,
      "implied_total_population": 1.0
    },
    {
      "iter": 2,
      "p": [
        0.4977966636727888,
        0.594411017027379
      ],
      "entry_shares": [
        0.5064512122896067,
        0.4935487877103934
      ],
      "entry_total": 0.016666666666666666,
      "err_p": 0.031413885781488245,
      "err_e": 0.06946903689649686,
      "err": 0.06946903689649686,
      "own_rate": 0.587540502639674,
      "TFR": 1.8759733353694366,
      "pop_share": [
        0.5588521908901881,
        0.44114780910981144
      ],
      "mode": "Fz",
      "scale_factor": 1.0000000000000004,
      "implied_total_population": 1.0
    },
    {
      "iter": 3,
      "p": [
        0.4987542075331378,
        0.5992360687880776
      ],
      "entry_shares": [
        0.5171741697800466,
        0.48282583021995346
      ],
      "entry_total": 0.016666666666666666,
      "err_p": 0.02315574509435952,
      "err_e": 0.0693604953842693,
      "err": 0.0693604953842693,
      "own_rate": 0.5814178319539776,
      "TFR": 1.8723652221051168,
      "pop_share": [
        0.5700644009269958,
        0.4299355990730044
      ],
      "mode": "Fz",
      "scale_factor": 0.9999999999999998,
      "implied_total_population": 1.0
    },
    {
      "iter": 4,
      "p": [
        0.5005163408469125,
        0.6007360163051151
      ],
      "entry_shares": [
        0.5300264921459887,
        0.4699735078540114
      ],
      "entry_total": 0.016666666666666666,
      "err_p": 0.019441835425526327,
      "err_e": 0.05601156928683537,
      "err": 0.05601156928683537,
      "own_rate": 0.5811407639548106,
      "TFR": 1.8687448565000735,
      "pop_share": [
        0.571386441523086,
        0.4286135584769138
      ],
      "mode": "Fz",
      "scale_factor": 0.9999999999999998,
      "implied_total_population": 1.0
    },
    {
      "iter": 5,
      "p": [
        0.5024593353624203,
        0.6003668736379513
      ],
      "entry_shares": [
        0.5424297276127776,
        0.4575702723872224
      ],
      "entry_total": 0.016666666666666666,
      "err_p": 0.010776970754172046,
      "err_e": 0.03810651526105857,
      "err": 0.03810651526105857,
      "own_rate": 0.5804212620467396,
      "TFR": 1.8642149598966258,
      "pop_share": [
        0.568564221167092,
        0.43143577883290807
      ],
      "mode": "Fz",
      "scale_factor": 1.0,
      "implied_total_population": 1.0
    },
    {
      "iter": 6,
      "p": [
        0.5039800728590137,
        0.599812030721759
      ],
      "entry_shares": [
        0.5525683066379725,
        0.44743169336202754
      ],
      "entry_total": 0.016666666666666666,
      "err_p": 0.004294777887532198,
      "err_e": 0.023295119498398242,
      "err": 0.023295119498398242,
      "own_rate": 0.5791297789022545,
      "TFR": 1.8612820302659538,
      "pop_share": [
        0.5660531811216298,
        0.43394681887836994
      ],
      "mode": "Fz",
      "scale_factor": 1.0000000000000002,
      "implied_total_population": 1.0
    },
    {
      "iter": 7,
      "p": [
        0.5048940370032797,
        0.5996251255933411
      ],
      "entry_shares": [
        0.5597475327722599,
        0.44025246722774014
      ],
      "entry_total": 0.016666666666666666,
      "err_p": 0.006214799886316665,
      "err_e": 0.013589458199206372,
      "err": 0.013589458199206372,
      "own_rate": 0.5782503392865058,
      "TFR": 1.8593586037697885,
      "pop_share": [
        0.5649413252409959,
        0.4350586747590042
      ],
      "mode": "Fz",
      "scale_factor": 0.9999999999999998,
      "implied_total_population": 1.0
    },
    {
      "iter": 8,
      "p": [
        0.5053259890159655,
        0.5997830557707095
      ],
      "entry_shares": [
        0.564445464443399,
        0.43555453555660095
      ],
      "entry_total": 0.016666666666666666,
      "err_p": 0.005228209024767604,
      "err_e": 0.00845380183710992,
      "err": 0.00845380183710992,
      "own_rate": 0.5781671598878337,
      "TFR": 1.8584570499537818,
      "pop_share": [
        0.5652593210365209,
        0.4347406789634794
      ],
      "mode": "Fz",
      "scale_factor": 0.9999999999999998,
      "implied_total_population": 1.0
    },
    {
      "iter": 9,
      "p": [
        0.5054970283677508,
        0.6000634156688895
      ],
      "entry_shares": [
        0.5674659312995013,
        0.43253406870049865
      ],
      "entry_total": 0.016666666666666666,
      "err_p": 0.001931524757179925,
      "err_e": 0.006060135779669906,
      "err": 0.006060135779669906,
      "own_rate": 0.5772826643598473,
      "TFR": 1.8582641381452627,
      "pop_share": [
        0.5662044878791431,
        0.4337955121208564
      ],
      "mode": "Fz",
      "scale_factor": 1.0,
      "implied_total_population": 1.0
    },
    {
      "iter": 10,
      "p": [
        0.5055812921056069,
        0.6002915107000842
      ],
      "entry_shares": [
        0.5694844451792141,
        0.4305155548207859
      ],
      "entry_total": 0.016666666666666666,
      "err_p": 0.000672163383472452,
      "err_e": 0.00460653163508179,
      "err": 0.00460653163508179,
      "own_rate": 0.577064403367104,
      "TFR": 1.858014976697859,
      "pop_share": [
        0.5669734055885809,
        0.43302659441141905
      ],
      "mode": "Fz",
      "scale_factor": 1.0,
      "implied_total_population": 1.0
    },
    {
      "iter": 11,
      "p": [
        0.5056565893766217,
        0.6003903138788942
      ],
      "entry_shares": [
        0.5709015674186904,
        0.42909843258130975
      ],
      "entry_total": 0.016666666666666666,
      "err_p": 0.0017407386950153093,
      "err_e": 0.003324338739025934,
      "err": 0.003324338739025934,
      "own_rate": 0.5771080127204444,
      "TFR": 1.857842301319864,
      "pop_share": [
        0.5672898827061954,
        0.43271011729380454
      ],
      "mode": "Fz",
      "scale_factor": 1.0,
      "implied_total_population": 1.0
    },
    {
      "iter": 12,
      "p": [
        0.5057305866804237,
        0.6003792165949521
      ],
      "entry_shares": [
        0.5719075330603997,
        0.4280924669396004
      ],
      "entry_total": 0.016666666666666666,
      "err_p": 0.0017391714946324375,
      "err_e": 0.002198482811973268,
      "err": 0.002198482811973268,
      "own_rate": 0.5770875708213219,
      "TFR": 1.8577174565477415,
      "pop_share": [
        0.5673264922709935,
        0.43267350772900676
      ],
      "mode": "Fz",
      "scale_factor": 1.0,
      "implied_total_population": 1.0
    },
    {
      "iter": 13,
      "p": [
        0.5057936326280535,
        0.6003236887601885
      ],
      "entry_shares": [
        0.5726018676884885,
        0.42739813231151147
      ],
      "entry_total": 0.016666666666666666,
      "err_p": 0.00129427162911569,
      "err_e": 0.0012763329652274447,
      "err": 0.00129427162911569,
      "own_rate": 0.5770326782617337,
      "TFR": 1.8576242429780927,
      "pop_share": [
        0.5672313007979114,
        0.4327686992020891
      ],
      "mode": "Fz",
      "scale_factor": 1.0,
      "implied_total_population": 1.0
    },
    {
      "iter": 14,
      "p": [
        0.5058363353043368,
        0.6002538973351813
      ],
      "entry_shares": [
        0.5730515748570965,
        0.42694842514290354
      ],
      "entry_total": 0.016666666666666666,
      "err_p": 0.0006248300969328239,
      "err_e": 0.0005873388851169725,
      "err": 0.0006248300969328239,
      "own_rate": 0.577006428763133,
      "TFR": 1.857550978979433,
      "pop_share": [
        0.5670830312232013,
        0.43291696877679914
      ],
      "mode": "Fz",
      "scale_factor": 1.0000000000000002,
      "implied_total_population": 1.0
    },
    {
      "iter": 15,
      "p": [
        0.50585565125708,
        0.6001949358088138
      ],
      "entry_shares": [
        0.5733135251492602,
        0.42668647485073985
      ],
      "entry_total": 0.016666666666666666,
      "err_p": 0.00016729205456001122,
      "err_e": 9.653675072385237e-05,
      "err": 0.00016729205456001122,
      "own_rate": 0.5772890724819072,
      "TFR": 1.85755820505274,
      "pop_share": [
        0.5669293666013183,
        0.4330706333986813
      ],
      "mode": "Fz",
      "scale_factor": 0.9999999999999998,
      "implied_total_population": 1.0
    }
  ]
}