{
  "ok": true,
  "elapsed_sec": 44.75882784999703,
  "loss": 80.06752499852321,
  "aggregate_moments": {
    "tfr": 1.5319294263821428,
    "childless_rate": 0.3882845306932564,
    "mean_age_first_birth": 34.333143728823444,
    "tfr_gradient": 0.14391448229934883,
    "own_rate": 0.5307277731953849,
    "own_gradient": 0.10071039053961722,
    "own_family_gap": 0.17680107903735814,
    "prime_childless_renter_median_rooms": 5.97150016382888,
    "prime_childless_owner_median_rooms": 6.87,
    "housing_increment_0to1": 0.5051897316937538,
    "housing_increment_1to2": 0.22768283217141558,
    "young_liquid_wealth_to_income": 0.442931882553679,
    "center_share_nonparents": 0.340324378965528,
    "center_share_newparents": 0.29308787966962596,
    "migration_rate": 0.031164768588505094,
    "old_age_own_rate": 0.8450973670423412,
    "old_age_parent_childless_gap": -0.05751161235438641,
    "inv_pop_share_C": 0.37252004968502234,
    "inv_rent_ratio_C_over_P": 1.1824877314608844
  },
  "scenario_count": 15
}