{
  "ok": true,
  "elapsed_sec": 12.61733089700283,
  "loss": 48.041458802623794,
  "moments": {
    "location_inv_err": 0.0,
    "location_inv_err_pop": 0.0,
    "location_inv_err_rent": 0.0,
    "location_inv_converged": 1.0,
    "tfr": 1.880170566326004,
    "childless_rate": 0.17453609687703042,
    "mean_age_first_birth": 34.25667658246773,
    "tfr_gradient": 0.084816528216894,
    "parity_progression_1to2": 0.12832443185224687,
    "own_rate": 0.6453504345831912,
    "own_rate_2534": 0.1623231042413925,
    "own_rate_3544": 0.6070041392680785,
    "own_gradient": -0.07919040582925851,
    "own_family_gap": 0.1597800419851068,
    "prime_childless_renter_median_rooms": 6.2383953392976235,
    "prime_childless_owner_median_rooms": 6.8,
    "housing_increment_0to1": 0.41183682201746663,
    "housing_increment_0to1_onechild": 0.42695327310510134,
    "housing_increment_1to2": 0.4014964595964958,
    "housing_increment_0to2plus": 0.30915457100722055,
    "young_liquid_wealth_to_income": 0.9287250011002728,
    "center_share_nonparents": 0.39310376888246756,
    "center_share_newparents": 0.3875202314586087,
    "migration_rate": 0.03482903684457993,
    "old_age_own_rate": 0.802547018232423,
    "old_age_parent_childless_gap": 0.006010677093735706,
    "owner_neg_liquid_share_2545": 0.8472188679796824,
    "inv_E_C": 0.11127541027064872,
    "inv_r_bar_C": 0.0719341870623939,
    "inv_pop_C": 0.44633529259491195,
    "inv_rent_ratio": 1.1824877314608842,
    "inv_err_pop": 0.0,
    "inv_err_rent": 0.0,
    "inv_max_error": 0.0,
    "inv_pop_share_C": 0.44633529259491195,
    "inv_rent_ratio_C_over_P": 1.1824877314608842
  },
  "z_grid": [
    -0.28,
    0.0,
    0.28
  ],
  "stationary_z": [
    0.3333333333333333,
    0.3333333333333333,
    0.3333333333333333
  ],
  "timings": {
    "bellman_hank_z": 1.3235502219904447,
    "distribution_hank_z": 11.262253253007657,
    "total_hank_z": 12.614965984990704,
    "runtime_category": "moderate"
  }
}