{
  "ok": true,
  "elapsed_sec": 817.5006591979909,
  "loss": 312.11223861006204,
  "baseline_p_eq": [
    0.5195464766118604,
    0.6002525889202364
  ],
  "p_eq": [
    0.5195429758079918,
    0.6004917838706963
  ],
  "z_grid": [
    -0.8573214099741122,
    -0.5715476066494081,
    -0.28577380332470403,
    0.0,
    0.28577380332470415,
    0.5715476066494083,
    0.8573214099741122
  ],
  "stationary_z": [
    0.01562500000002132,
    0.09375000000004256,
    0.23437499999997863,
    0.3124999999999147,
    0.2343749999999788,
    0.09375000000004263,
    0.015625000000021323
  ],
  "closure_calibration": {
    "finite_calibration": true,
    "target_city_entry_prob": 0.9,
    "target_total_population": 1.0,
    "outside_value": -3338033.3957383335,
    "outside_entry_flow": 0.005780279545546373,
    "local_birth_entry_weight": 1.0,
    "kappa_entry": 1000000.0,
    "city_entry_prob_total": 0.9000000000000001,
    "outside_entry_prob": 0.09999999999999999,
    "reference_total_population": 1.0000000000000002,
    "reference_entry_total": 0.01666666666770825,
    "reference_mature_cityborn_flow": 0.012738238974129458,
    "entry_per_unit_scale": 0.016666666667708246,
    "mature_cityborn_per_unit_scale": 0.012738238974129455,
    "normalization_history": [
      {
        "pass": 1,
        "outside_value": -3338033.3957383335,
        "outside_entry_flow": 0.005780279545546373,
        "scale_factor": 1.0002268971160209,
        "city_entry_prob_total": 0.900080860860641,
        "outside_entry_prob": 0.09991913913935903,
        "p_P": 0.5195429758079918,
        "p_C": 0.6004917838706963,
        "best_eq_error": 0.0003982321513865683
      },
      {
        "pass": 2,
        "outside_value": -3337134.6186667862,
        "outside_entry_flow": 0.005780631968547598,
        "scale_factor": 0.9999974729005937,
        "city_entry_prob_total": 0.9,
        "outside_entry_prob": 0.09999999999999999,
        "p_P": 0.5195429758079918,
        "p_C": 0.6004917838706963,
        "best_eq_error": 0.00025096014751806563
      }
    ]
  },
  "baseline_accounting_scale": {
    "finite_stationary_scale": true,
    "outside_value": -3338033.3957383335,
    "calibrated_outside_value": true,
    "target_city_entry_total": 0.01666666666770825,
    "outside_entry_flow": 0.005780279545546373,
    "local_birth_entry_weight": 1.0,
    "kappa_entry": 1000000.0,
    "entry_values": "[-1833952.04704347 -1833959.95089626]",
    "city_entry_prob": "[0.45000178 0.44999822]",
    "conditional_entry_shares": "[0.50000198 0.49999802]",
    "outside_entry_prob": 0.09999999999999999,
    "city_entry_prob_total": 0.9000000000000001,
    "reference_entry_total": 0.01666666666770825,
    "reference_mature_cityborn_flow": 0.012738238974129458,
    "mature_cityborn_per_entry": 0.7642943384000029,
    "denominator": 0.3121350954399973,
    "stationary_entry_residual": 0.0,
    "stationary_scale_residual": 0.0,
    "stationary_entry_relative_residual": 0.0,
    "implied_entry_total": 0.01666666666770825,
    "implied_entry_by_loc": "[0.00833337 0.0083333 ]",
    "implied_potential_entrant_mass": 0.01851851851967583,
    "implied_outside_entry_mass": 0.001851851851967583,
    "scale_factor": 1.0,
    "reference_total_population": 1.0000000000000002,
    "implied_total_population": 1.0000000000000002,
    "reference_housing_demand": "[4.3552053  2.93110014]",
    "implied_housing_demand": "[4.3552053  2.93110014]"
  },
  "final_accounting_scale": {
    "finite_stationary_scale": true,
    "outside_value": -3337134.6186667862,
    "calibrated_outside_value": true,
    "target_city_entry_total": 0.01666666666771072,
    "outside_entry_flow": 0.005780631968547598,
    "local_birth_entry_weight": 1.0,
    "kappa_entry": 1000000.0,
    "entry_values": "[-1833053.26924107 -1833061.17455558]",
    "city_entry_prob": "[0.45000178 0.44999822]",
    "conditional_entry_shares": "[0.50000198 0.49999802]",
    "outside_entry_prob": 0.09999999999999999,
    "city_entry_prob_total": 0.9,
    "reference_entry_total": 0.01666666666771072,
    "reference_mature_cityborn_flow": 0.012737871942862447,
    "mature_cityborn_per_entry": 0.7642723165238704,
    "denominator": 0.3121549151285167,
    "stationary_entry_residual": 0.0,
    "stationary_scale_residual": 3.469446951953614e-18,
    "stationary_entry_relative_residual": 0.0,
    "implied_entry_total": 0.01666662454938728,
    "implied_entry_by_loc": "[0.00833335 0.00833328]",
    "implied_potential_entrant_mass": 0.018518471721541422,
    "implied_outside_entry_mass": 0.001851847172154142,
    "scale_factor": 0.9999974729005937,
    "reference_total_population": 1.0,
    "implied_total_population": 0.9999974729005937,
    "reference_housing_demand": "[4.35525379 2.93051875]",
    "implied_housing_demand": "[4.35524278 2.93051135]"
  },
  "moments": {
    "location_inv_err": 0.0,
    "location_inv_err_pop": 0.0,
    "location_inv_err_rent": 0.0,
    "location_inv_converged": 1.0,
    "tfr": 1.5620500502721293,
    "childless_rate": 0.35115916823434795,
    "mean_age_first_birth": 35.279368313147465,
    "tfr_gradient": -0.1940826556004076,
    "parity_progression_1to2": 0.16925497627414648,
    "own_rate": 0.6080560586180042,
    "own_rate_2534": 0.12512411162559386,
    "own_rate_3544": 0.5806672079532655,
    "own_gradient": -0.1269339861266936,
    "own_family_gap": 0.35356241401772537,
    "prime_childless_renter_median_rooms": 6.001454437466934,
    "prime_childless_owner_median_rooms": 6.8,
    "housing_increment_0to1": 0.5890160715424813,
    "housing_increment_0to1_onechild": 0.568969422004062,
    "housing_increment_1to2": 1.4936251729425614,
    "housing_increment_0to2plus": 0.6874099102690661,
    "young_liquid_wealth_to_income": 1.872839528450413,
    "center_share_nonparents": 0.2330477454386166,
    "center_share_newparents": 0.37116389484834017,
    "migration_rate": 0.033386260089402695,
    "old_age_own_rate": 0.7532568506704842,
    "old_age_parent_childless_gap": 0.263017979174778,
    "owner_neg_liquid_share_2545": 0.5703214015824055,
    "inv_E_C": 0.11127541027064872,
    "inv_r_bar_C": 0.0719341870623939,
    "inv_pop_C": 0.38517628451814917,
    "inv_rent_ratio": 1.1558077230027277,
    "inv_err_pop": 0.0,
    "inv_err_rent": 0.0,
    "inv_max_error": 0.0,
    "inv_pop_share_C": 0.38517628451814917,
    "inv_rent_ratio_C_over_P": 1.1558077230027277
  },
  "timings": {
    "bellman_hank_z": 5.900878225991619,
    "distribution_hank_z": 2.8829589880042477,
    "n_full": 1,
    "n_dist": 1,
    "best_eq_error": 0.00025096014751806563,
    "best_eq_iter": 1,
    "final_eq_error": 0.00025096014751806563,
    "iterations_completed": 1,
    "accepted": true,
    "strict_converged": true,
    "convergence_reason": "strict_tol",
    "population_closure": "accounting_scale_prices",
    "runtime_category": "project-scale"
  },
  "ge_trace": [
    {
      "iter": 1,
      "p": [
        0.5195429758079918,
        0.6004917838706963
      ],
      "entry_shares": [
        0.5000019763286281,
        0.4999980236713719
      ],
      "entry_total": 0.016666666666666666,
      "err_p": 0.00025096014751806563,
      "err_e": 5.551115123125783e-17,
      "err": 0.00025096014751806563,
      "own_rate": 0.5521367239825012,
      "TFR": 1.5620500505067776,
      "pop_share": [
        0.6148237154747533,
        0.38517628452524716
      ],
      "mode": "Fz",
      "scale_factor": 0.9999974734138354,
      "implied_total_population": 0.9999974734138356,
      "outside_entry_prob": 0.09999999999999999,
      "scale_denominator": 0.31215491498762227,
      "scale_residual": 0.0
    }
  ]
}