{
  "ok": true,
  "elapsed_sec": 47.4879456599956,
  "loss": 23.8479988714647,
  "timings": {
    "bellman_full": 16.54492421901523,
    "bellman_eval": 15.60883959299099,
    "distribution": 11.547593596027582,
    "n_full": 8,
    "n_eval": 17,
    "n_dist": 25,
    "best_eq_error": 0.00048043163102334807,
    "best_eq_iter": 25,
    "final_eq_error": 0.00048043163102334807,
    "iterations_completed": 25,
    "accepted": true,
    "strict_converged": true,
    "convergence_reason": "strict_tol",
    "population_closure": "renewal_valve_calibrated"
  },
  "p_eq": [
    0.4984107014204197,
    0.5907248406876119
  ]
}