{
  "ok": true,
  "elapsed_sec": 8.250889082002686,
  "loss": 48.55817103560505,
  "moments": {
    "location_inv_err": 0.0,
    "location_inv_err_pop": 0.0,
    "location_inv_err_rent": 0.0,
    "location_inv_converged": 1.0,
    "tfr": 1.9561541805777127,
    "childless_rate": 0.128247541955419,
    "mean_age_first_birth": 33.35321315778754,
    "tfr_gradient": 0.11942448476205292,
    "parity_progression_1to2": 0.1207355207941318,
    "own_rate": 0.6056615502215611,
    "own_rate_2534": 0.1777785940930674,
    "own_rate_3544": 0.5728026948402093,
    "own_gradient": 0.02531309891977207,
    "own_family_gap": 0.061527861847286536,
    "prime_childless_renter_median_rooms": 6.231777399060888,
    "prime_childless_owner_median_rooms": 8.2,
    "housing_increment_0to1": 0.38235381679638536,
    "housing_increment_0to1_onechild": 0.4092153590937757,
    "housing_increment_1to2": 0.2590946113959278,
    "housing_increment_0to2plus": 0.18673284390731926,
    "young_liquid_wealth_to_income": 0.5602342745508837,
    "center_share_nonparents": 0.4209915568214497,
    "center_share_newparents": 0.39877173532226606,
    "migration_rate": 0.03355945500030222,
    "old_age_own_rate": 0.7779698774306214,
    "old_age_parent_childless_gap": -0.049839582620289535,
    "owner_neg_liquid_share_2545": 0.9989136634404243,
    "inv_E_C": 0.11127541027064872,
    "inv_r_bar_C": 0.0719341870623939,
    "inv_pop_C": 0.4423645254458701,
    "inv_rent_ratio": 1.1824877314608842,
    "inv_err_pop": 0.0,
    "inv_err_rent": 0.0,
    "inv_max_error": 0.0,
    "inv_pop_share_C": 0.4423645254458701,
    "inv_rent_ratio_C_over_P": 1.1824877314608842
  },
  "history": [
    {
      "iter": 1,
      "p_iq": [
        [
          0.49766052026004093,
          0.522572390234107,
          0.4976482666763792
        ],
        [
          0.5884774596399392,
          0.6179403321257296,
          0.5884885832797219
        ]
      ],
      "r_iq": [
        [
          0.03483623641820286,
          0.036580067316387486,
          0.03483537866734654
        ],
        [
          0.04119342217479574,
          0.04325582324880107,
          0.04119420082958053
        ]
      ],
      "demand_iq": [
        [
          0.004588951371609756,
          0.8152462557685768,
          3.323275887625299
        ],
        [
          0.0704279602511088,
          0.7117099065544049,
          2.084451872067124
        ]
      ],
      "supply_iq": [
        [
          0.004588397681858149,
          0.8150217534949579,
          3.3238437434573354
        ],
        [
          0.07042417692233445,
          0.7115791775237496,
          2.0843071437371967
        ]
      ],
      "max_rel_price_step_active": 6.311607004933605e-05,
      "max_active_excess_rel_demand": 0.00027537970524902337
    }
  ],
  "p_iq": [
    [
      0.49766052026004093,
      0.522572390234107,
      0.4976482666763792
    ],
    [
      0.5884774596399392,
      0.6179403321257296,
      0.5884885832797219
    ]
  ],
  "r_iq": [
    [
      0.03483623641820286,
      0.036580067316387486,
      0.03483537866734654
    ],
    [
      0.04119342217479574,
      0.04325582324880107,
      0.04119420082958053
    ]
  ]
}