{
  "ok": true,
  "elapsed_sec": 10.79281776100106,
  "loss": 61.043044645732294,
  "history": [
    {
      "iter": 1,
      "p_iq": [
        [
          0.49766052026004093,
          0.9866779125559458
        ],
        [
          0.5884774596399392,
          1.471193649099848
        ]
      ],
      "r_iq": [
        [
          0.03483623641820286,
          0.0690674538789162
        ],
        [
          0.04119342217479574,
          0.10298355543698935
        ]
      ],
      "demand_iq": [
        [
          0.0023504973407794693,
          4.018870961058632
        ],
        [
          0.06825344967079418,
          2.857398987538734
        ]
      ],
      "supply_iq": [
        [
          2.877965526701945,
          1.1192088159396454
        ],
        [
          2.07654486157979,
          0.8075452239476962
        ]
      ],
      "max_rel_middle_price_step": 1.0491803278688523
    },
    {
      "iter": 2,
      "p_iq": [
        [
          0.49766052026004093,
          1.2233044932016035
        ],
        [
          0.5884774596399392,
          1.471193649099848
        ]
      ],
      "r_iq": [
        [
          0.03483623641820286,
          0.08563131452411224
        ],
        [
          0.04119342217479574,
          0.10298355543698935
        ]
      ],
      "demand_iq": [
        [
          2.6335040675981614e-06,
          4.02257405201701
        ],
        [
          0.06631108501426743,
          3.021068492845854
        ]
      ],
      "supply_iq": [
        [
          2.877965526701945,
          2.366504649783166
        ],
        [
          2.07654486157979,
          1.2555005520540927
        ]
      ],
      "max_rel_middle_price_step": 0.23982150368876393
    },
    {
      "iter": 3,
      "p_iq": [
        [
          0.49766052026004093,
          1.2441513006501022
        ],
        [
          0.5884774596399392,
          1.471193649099848
        ]
      ],
      "r_iq": [
        [
          0.03483623641820286,
          0.08709059104550715
        ],
        [
          0.04119342217479574,
          0.10298355543698935
        ]
      ],
      "demand_iq": [
        [
          2.6335040367124137e-06,
          4.022574047121859
        ],
        [
          0.06631108505038581,
          3.0210684987395826
        ]
      ],
      "supply_iq": [
        [
          2.877965526701945,
          3.0975980999894492
        ],
        [
          2.07654486157979,
          1.2555005520540927
        ]
      ],
      "max_rel_middle_price_step": 0.017041388766535902
    }
  ],
  "p_iq": [
    [
      0.49766052026004093,
      1.2441513006501022
    ],
    [
      0.5884774596399392,
      1.471193649099848
    ]
  ],
  "r_iq": [
    [
      0.03483623641820286,
      0.08709059104550715
    ],
    [
      0.04119342217479574,
      0.10298355543698935
    ]
  ]
}