{
  "ok": true,
  "elapsed_sec": 133.51282892400923,
  "loss": 47.9610179061987,
  "moments": {
    "location_inv_err": 0.0,
    "location_inv_err_pop": 0.0,
    "location_inv_err_rent": 0.0,
    "location_inv_converged": 1.0,
    "tfr": 1.8994589159380744,
    "childless_rate": 0.14844307904254636,
    "mean_age_first_birth": 33.69843459198615,
    "tfr_gradient": 0.10976270064426852,
    "parity_progression_1to2": 0.11144681029529965,
    "own_rate": 0.5778800949698324,
    "own_rate_2534": 0.08506691511417476,
    "own_rate_3544": 0.5037173848028808,
    "own_gradient": 0.018179423537480033,
    "own_family_gap": 0.07037125331748423,
    "prime_childless_renter_median_rooms": 6.5,
    "prime_childless_owner_median_rooms": 8.2,
    "housing_increment_0to1": 0.41781467548236506,
    "housing_increment_0to1_onechild": 0.43764877351227316,
    "housing_increment_1to2": 0.25183451363889464,
    "housing_increment_0to2plus": 0.2596795879739444,
    "young_liquid_wealth_to_income": 0.8152579567278789,
    "center_share_nonparents": 0.41178540286251064,
    "center_share_newparents": 0.39355418679645116,
    "migration_rate": 0.0351293100754374,
    "old_age_own_rate": 0.7674145950855256,
    "old_age_parent_childless_gap": -0.043788463894820384,
    "owner_neg_liquid_share_2545": 0.9785906750968489,
    "inv_E_C": 0.11127541027064872,
    "inv_r_bar_C": 0.0719341870623939,
    "inv_pop_C": 0.447449092174355,
    "inv_rent_ratio": 1.1778683233222522,
    "inv_err_pop": 0.0,
    "inv_err_rent": 0.0,
    "inv_max_error": 0.0,
    "inv_pop_share_C": 0.447449092174355,
    "inv_rent_ratio_C_over_P": 1.1778683233222522
  },
  "history": [
    {
      "iter": 1,
      "p_iq": [
        [
          0.49766052026004093,
          0.522543546273043,
          0.49766052026004093
        ],
        [
          0.5884774596399392,
          0.6179013326219363,
          0.5884774596399392
        ]
      ],
      "r_iq": [
        [
          0.03483623641820286,
          0.03657804823911301,
          0.03483623641820286
        ],
        [
          0.04119342217479574,
          0.043253093283535535,
          0.04119342217479574
        ]
      ],
      "entry_shares": [
        0.55,
        0.45
      ],
      "entry_target": [
        0.5818294592337776,
        0.4181705407662223
      ],
      "demand_iq": [
        [
          0.000131326244094743,
          0.5336843657508636,
          3.5447863540549154
        ],
        [
          0.23622014586391452,
          0.5246744056634662,
          2.217655800823621
        ]
      ],
      "supply_iq": [
        [
          0.0001339959224742928,
          0.5583614926998699,
          3.536435787386816
        ],
        [
          0.23543385754346194,
          0.4867270365583598,
          2.2380372721193598
        ]
      ],
      "max_rel_price_step": 0.027224696094956636,
      "max_entry_step": 0.00795736480844439,
      "max_excess_rel_demand": 0.07232555789932399,
      "own_rate": 0.5497797123781359,
      "tfr": 1.8973356709801388
    },
    {
      "iter": 2,
      "p_iq": [
        [
          0.4964148873270014,
          0.5178982108406972,
          0.49782979399401517
        ],
        [
          0.5890918917102631,
          0.6347235086192372,
          0.5870193128445621
        ]
      ],
      "r_iq": [
        [
          0.034749042112890094,
          0.0362528747588488,
          0.03484808557958106
        ],
        [
          0.041236432419718416,
          0.0444306456033466,
          0.04109135189911934
        ]
      ],
      "entry_shares": [
        0.5579573648084444,
        0.4420426351915556
      ],
      "entry_target": [
        0.5782443682916169,
        0.42175563170838304
      ],
      "demand_iq": [
        [
          0.00013142327547696327,
          0.5384070433806192,
          3.5279229923799447
        ],
        [
          0.23246997459751076,
          0.5164751341490817,
          2.240470308892673
        ]
      ],
      "supply_iq": [
        [
          0.00013332598446831603,
          0.5521748267020524,
          3.5385226687463356
        ],
        [
          0.23563049109348633,
          0.496329642976953,
          2.2329438447857424
        ]
      ],
      "max_rel_price_step": 0.01407893483992362,
      "max_entry_step": 0.005071750870793146,
      "max_excess_rel_demand": 0.03900573297748296,
      "own_rate": 0.5518123816944914,
      "tfr": 1.8987298982555854
    },
    {
      "iter": 3,
      "p_iq": [
        [
          0.4955261565796053,
          0.5153059502235928,
          0.49761474380970366
        ],
        [
          0.5866268264663328,
          0.6436597395384551,
          0.5875580145843367
        ]
      ],
      "r_iq": [
        [
          0.03468683096057237,
          0.036071416515651496,
          0.03483303206667925
        ],
        [
          0.041063877852643295,
          0.045056181767691855,
          0.041129061020903565
        ]
      ],
      "entry_shares": [
        0.5630291156792375,
        0.4369708843207625
      ],
      "entry_target": [
        0.5806072712424066,
        0.4193927287575933
      ],
      "demand_iq": [
        [
          0.00013275205493977352,
          0.5409230648417102,
          3.541836930353879
        ],
        [
          0.23097034092971583,
          0.5166334618757947,
          2.227401084409193
        ]
      ],
      "supply_iq": [
        [
          0.00013284902522388628,
          0.5487274567964757,
          3.5358715221712584
        ],
        [
          0.2348413605617621,
          0.501398415909187,
          2.2348257247193506
        ]
      ],
      "max_rel_price_step": 0.010522649861408006,
      "max_entry_step": 0.004394538890792277,
      "max_excess_rel_demand": 0.029489080926528216,
      "own_rate": 0.550711621912691,
      "tfr": 1.8993566931990156
    },
    {
      "iter": 4,
      "p_iq": [
        [
          0.49548093599573706,
          0.5138362998435559,
          0.4977356928758109
        ],
        [
          0.583611299319439,
          0.6504327456075034,
          0.5870267486451939
        ]
      ],
      "r_iq": [
        [
          0.03468366551970159,
          0.03596854098904891,
          0.03484149850130676
        ],
        [
          0.040852790952360725,
          0.04553029219252523,
          0.04109187240516357
        ]
      ],
      "entry_shares": [
        0.5674236545700297,
        0.4325763454299702
      ],
      "entry_target": [
        0.5786313200644827,
        0.4213686799355173
      ],
      "demand_iq": [
        [
          0.0001322558843689204,
          0.5413924241496675,
          3.531237559883963
        ],
        [
          0.23094519044043488,
          0.5170117258485503,
          2.237318791519065
        ]
      ],
      "supply_iq": [
        [
          0.00013282477933376986,
          0.5467746133868486,
          3.5373624860228454
        ],
        [
          0.23387511047115314,
          0.5052255839706189,
          2.23296982192474
        ]
      ],
      "max_rel_price_step": 0.008070043391100777,
      "max_entry_step": 0.002801916373613267,
      "max_excess_rel_demand": 0.022796662606805004,
      "own_rate": 0.5509914058406294,
      "tfr": 1.8994589159380744
    }
  ],
  "status": {
    "accepted": true,
    "final_price_step": 0.008070043391100777,
    "final_entry_step": 0.002801916373613267,
    "final_market_excess": 0.022796662606805004,
    "entry_shares": [
      0.5674236545700297,
      0.4325763454299702
    ]
  },
  "p_iq": [
    [
      0.49548093599573706,
      0.5138362998435559,
      0.4977356928758109
    ],
    [
      0.583611299319439,
      0.6504327456075034,
      0.5870267486451939
    ]
  ],
  "r_iq": [
    [
      0.03468366551970159,
      0.03596854098904891,
      0.03484149850130676
    ],
    [
      0.040852790952360725,
      0.04553029219252523,
      0.04109187240516357
    ]
  ],
  "demand_iq": [
    [
      0.0001322558843689204,
      0.5413924241496675,
      3.531237559883963
    ],
    [
      0.23094519044043488,
      0.5170117258485503,
      2.237318791519065
    ]
  ],
  "supply_iq": [
    [
      0.00013282477933376986,
      0.5467746133868486,
      3.5373624860228454
    ],
    [
      0.23387511047115314,
      0.5052255839706189,
      2.23296982192474
    ]
  ]
}